# JRE version: Java(TM) SE Runtime Environment (21.0.6+8) (build 21.0.6+8-LTS-188)
# Java VM: Java HotSpot(TM) 64-Bit Server VM (21.0.6+8-LTS-188, mixed mode, sharing, tiered, compressed oops, compressed class ptrs, g1 gc, windows-amd64)
GC Precious Log:
 CardTable entry size: 512
 Card Set container configuration: InlinePtr #cards 5 size 8 Array Of Cards #cards 12 size 40 Howl #buckets 4 coarsen threshold 1843 Howl Bitmap #cards 512 size 80 coarsen threshold 460 Card regions per heap region 1 cards per card region 2048
 CPUs: 4 total, 4 available
 Memory: 3936M
 Large Page Support: Disabled
 NUMA Support: Disabled
 Compressed Oops: Enabled (32-bit)
 Heap Region Size: 1M
 Heap Min Capacity: 8M
 Heap Initial Capacity: 62M
 Heap Max Capacity: 986M
 Pre-touch: Disabled
 Parallel Workers: 4
 Concurrent Workers: 1
 Concurrent Refinement Workers: 4
 Periodic GC: Disabled
Heap:
 garbage-first heap   total 86016K, used 62464K [0x00000000c2600000, 0x0000000100000000)
  region size 1024K, 5 young (5120K), 3 survivors (3072K)
 Metaspace       used 37165K, committed 38272K, reserved 1114112K
  class space    used 4150K, committed 4480K, reserved 1048576K
GC Heap History (20 events):
Event: 14.575 GC heap before
{Heap before GC invocations=8 (full 0):
 garbage-first heap   total 61440K, used 44545K [0x00000000c2600000, 0x0000000100000000)
  region size 1024K, 31 young (31744K), 4 survivors (4096K)
 Metaspace       used 26017K, committed 26304K, reserved 1114112K
  class space    used 2909K, committed 3008K, reserved 1048576K
}
Event: 14.592 GC heap after
{Heap after GC invocations=9 (full 0):
 garbage-first heap   total 61440K, used 19865K [0x00000000c2600000, 0x0000000100000000)
  region size 1024K, 4 young (4096K), 4 survivors (4096K)
 Metaspace       used 26017K, committed 26304K, reserved 1114112K
  class space    used 2909K, committed 3008K, reserved 1048576K
}
Event: 17.256 GC heap before
{Heap before GC invocations=9 (full 0):
 garbage-first heap   total 61440K, used 51609K [0x00000000c2600000, 0x0000000100000000)
  region size 1024K, 29 young (29696K), 4 survivors (4096K)
 Metaspace       used 33057K, committed 33408K, reserved 1114112K
  class space    used 3730K, committed 3840K, reserved 1048576K
}
Event: 17.282 GC heap after
{Heap after GC invocations=10 (full 0):
 garbage-first heap   total 63488K, used 31232K [0x00000000c2600000, 0x0000000100000000)
  region size 1024K, 4 young (4096K), 4 survivors (4096K)
 Metaspace       used 33057K, committed 33408K, reserved 1114112K
  class space    used 3730K, committed 3840K, reserved 1048576K
}
Event: 18.435 GC heap before
{Heap before GC invocations=10 (full 0):
 garbage-first heap   total 63488K, used 50688K [0x00000000c2600000, 0x0000000100000000)
  region size 1024K, 22 young (22528K), 4 survivors (4096K)
 Metaspace       used 34398K, committed 34688K, reserved 1114112K
  class space    used 3858K, committed 3968K, reserved 1048576K
}
Event: 18.455 GC heap after
{Heap after GC invocations=11 (full 0):
 garbage-first heap   total 63488K, used 37888K [0x00000000c2600000, 0x0000000100000000)
  region size 1024K, 3 young (3072K), 3 survivors (3072K)
 Metaspace       used 34398K, committed 34688K, reserved 1114112K
  class space    used 3858K, committed 3968K, reserved 1048576K
}
Event: 19.143 GC heap before
{Heap before GC invocations=11 (full 0):
 garbage-first heap   total 63488K, used 52224K [0x00000000c2600000, 0x0000000100000000)
  region size 1024K, 17 young (17408K), 3 survivors (3072K)
 Metaspace       used 34849K, committed 35264K, reserved 1114112K
  class space    used 3917K, committed 4096K, reserved 1048576K
}
Event: 19.157 GC heap after
{Heap after GC invocations=12 (full 0):
 garbage-first heap   total 63488K, used 41984K [0x00000000c2600000, 0x0000000100000000)
  region size 1024K, 3 young (3072K), 3 survivors (3072K)
 Metaspace       used 34849K, committed 35264K, reserved 1114112K
  class space    used 3917K, committed 4096K, reserved 1048576K
}
Event: 19.644 GC heap before
{Heap before GC invocations=13 (full 0):
 garbage-first heap   total 71680K, used 53248K [0x00000000c2600000, 0x0000000100000000)
  region size 1024K, 14 young (14336K), 3 survivors (3072K)
 Metaspace       used 34923K, committed 35328K, reserved 1114112K
  class space    used 3923K, committed 4096K, reserved 1048576K
}
Event: 19.656 GC heap after
{Heap after GC invocations=14 (full 0):
 garbage-first heap   total 71680K, used 44032K [0x00000000c2600000, 0x0000000100000000)
  region size 1024K, 2 young (2048K), 2 survivors (2048K)
 Metaspace       used 34923K, committed 35328K, reserved 1114112K
  class space    used 3923K, committed 4096K, reserved 1048576K
}
Event: 20.614 GC heap before
{Heap before GC invocations=14 (full 0):
 garbage-first heap   total 71680K, used 58368K [0x00000000c2600000, 0x0000000100000000)
  region size 1024K, 17 young (17408K), 2 survivors (2048K)
 Metaspace       used 36004K, committed 36416K, reserved 1114112K
  class space    used 4042K, committed 4224K, reserved 1048576K
}
Event: 20.628 GC heap after
{Heap after GC invocations=15 (full 0):
 garbage-first heap   total 86016K, used 44635K [0x00000000c2600000, 0x0000000100000000)
  region size 1024K, 1 young (1024K), 1 survivors (1024K)
 Metaspace       used 36004K, committed 36416K, reserved 1114112K
  class space    used 4042K, committed 4224K, reserved 1048576K
}
Event: 21.877 GC heap before
{Heap before GC invocations=15 (full 0):
 garbage-first heap   total 86016K, used 69211K [0x00000000c2600000, 0x0000000100000000)
  region size 1024K, 26 young (26624K), 1 survivors (1024K)
 Metaspace       used 37416K, committed 37888K, reserved 1114112K
  class space    used 4181K, committed 4416K, reserved 1048576K
}
Event: 21.884 GC heap after
{Heap after GC invocations=16 (full 0):
 garbage-first heap   total 86016K, used 45187K [0x00000000c2600000, 0x0000000100000000)
  region size 1024K, 2 young (2048K), 2 survivors (2048K)
 Metaspace       used 37416K, committed 37888K, reserved 1114112K
  class space    used 4181K, committed 4416K, reserved 1048576K
}
Event: 23.957 GC heap before
{Heap before GC invocations=17 (full 0):
 garbage-first heap   total 86016K, used 72835K [0x00000000c2600000, 0x0000000100000000)
  region size 1024K, 28 young (28672K), 2 survivors (2048K)
 Metaspace       used 38561K, committed 38976K, reserved 1114112K
  class space    used 4316K, committed 4480K, reserved 1048576K
}
Event: 23.982 GC heap after
{Heap after GC invocations=18 (full 0):
 garbage-first heap   total 86016K, used 53505K [0x00000000c2600000, 0x0000000100000000)
  region size 1024K, 4 young (4096K), 4 survivors (4096K)
 Metaspace       used 38561K, committed 38976K, reserved 1114112K
  class space    used 4316K, committed 4480K, reserved 1048576K
}
Event: 24.665 GC heap before
{Heap before GC invocations=18 (full 0):
 garbage-first heap   total 86016K, used 70913K [0x00000000c2600000, 0x0000000100000000)
  region size 1024K, 22 young (22528K), 4 survivors (4096K)
 Metaspace       used 38568K, committed 38976K, reserved 1114112K
  class space    used 4316K, committed 4480K, reserved 1048576K
}
Event: 24.683 GC heap after
{Heap after GC invocations=19 (full 0):
 garbage-first heap   total 86016K, used 59392K [0x00000000c2600000, 0x0000000100000000)
  region size 1024K, 3 young (3072K), 3 survivors (3072K)
 Metaspace       used 38568K, committed 38976K, reserved 1114112K
  class space    used 4316K, committed 4480K, reserved 1048576K
}
Event: 25.234 GC heap before
{Heap before GC invocations=19 (full 0):
 garbage-first heap   total 86016K, used 73728K [0x00000000c2600000, 0x0000000100000000)
  region size 1024K, 17 young (17408K), 3 survivors (3072K)
 Metaspace       used 38705K, committed 39168K, reserved 1114112K
  class space    used 4326K, committed 4544K, reserved 1048576K
}
Event: 25.247 GC heap after
{Heap after GC invocations=20 (full 0):
 garbage-first heap   total 86016K, used 63488K [0x00000000c2600000, 0x0000000100000000)
  region size 1024K, 3 young (3072K), 3 survivors (3072K)
 Metaspace       used 38705K, committed 39168K, reserved 1114112K
  class space    used 4326K, committed 4544K, reserved 1048576K
}

